#0 building with "desktop-linux" instance using docker driver

#1 [internal] load build definition from Dockerfile
#1 transferring dockerfile: 842B done
#1 DONE 0.0s

#2 [internal] load metadata for docker.io/oven/bun:latest
#2 DONE 0.5s

#3 [internal] load .dockerignore
#3 transferring context: 307B done
#3 DONE 0.0s

#4 [1/6] FROM docker.io/oven/bun:latest@sha256:b86c67b531d87b4db11470d9b2bd0c519b1976eee6fcd71634e73abfa6230d2e
#4 DONE 0.0s

#5 [2/6] WORKDIR /opt/app
#5 CACHED

#6 [internal] load build context
#6 transferring context: 29.87kB 0.0s done
#6 DONE 0.0s

#7 [3/6] ADD . /opt/app
#7 DONE 0.2s

#8 [4/6] RUN bun install
#8 0.265 bun install v1.3.10 (30e609e0)
#8 2.497 
#8 2.497 $ mkdir -p node_modules/.cache/_ns_cache/public && webpack --mode production --config webpack/webpack.config.js && bun run post-generate-keys
#8 4.930 [BABEL] Note: The code generator has deoptimised the styling of /opt/app/node_modules/lodash/lodash.js as it exceeds the max of 500KB.
#8 5.500 [BABEL] Note: The code generator has deoptimised the styling of /opt/app/node_modules/jquery-ui-bundle/jquery-ui.js as it exceeds the max of 500KB.
#8 33.67 $ mkdir -p node_modules/.cache/_ns_cache && bun bin/generateRandomString.js >node_modules/.cache/_ns_cache/randomString && bun bin/generateGitCommit.js
#8 33.76 Git commit hash saved: b90e5c58c
#8 33.76 
#8 33.76 + @types/tough-cookie@4.0.5
#8 33.76 + babel-eslint@10.1.0
#8 33.76 + babel-loader@10.0.0
#8 33.76 + benv@3.3.0
#8 33.76 + csv-parse@6.1.0
#8 33.76 + env-cmd@10.1.0
#8 33.76 + eslint@8.57.1
#8 33.76 + eslint-plugin-security@1.7.1
#8 33.76 + eslint-webpack-plugin@5.0.2
#8 33.76 + mocha@11.7.5
#8 33.76 + nodemon@3.1.14
#8 33.76 + nyc@18.0.0
#8 33.76 + should@13.2.3
#8 33.76 + supertest@7.2.2
#8 33.76 + vm-browserify@1.1.2
#8 33.76 + webpack-bundle-analyzer@5.2.0
#8 33.76 + webpack-dev-middleware@7.4.5
#8 33.76 + webpack-hot-middleware@2.26.1
#8 33.76 + xml2js@0.6.2
#8 33.76 + @babel/core@7.29.0
#8 33.76 + @babel/preset-env@7.29.0
#8 33.76 + @parse/node-apn@7.1.0
#8 33.76 + acorn@8.16.0
#8 33.76 + acorn-jsx@5.3.2
#8 33.76 + async@0.9.2
#8 33.76 + axios@1.13.5
#8 33.76 + body-parser@1.20.4
#8 33.76 + bootevent@0.0.1
#8 33.76 + braces@3.0.3
#8 33.76 + buffer@6.0.3
#8 33.76 + compression@1.8.1
#8 33.76 + crypto-browserify@3.12.1
#8 33.76 + css-loader@7.1.4
#8 33.76 + cssmin@0.4.3
#8 33.76 + csv-stringify@6.6.0
#8 33.76 + d3@7.9.0
#8 33.76 + dompurify@3.3.1
#8 33.76 + easyxml@2.0.1
#8 33.76 + ejs@3.1.10
#8 33.76 + errorhandler@1.5.2
#8 33.76 + event-stream@3.3.4
#8 33.76 + expose-loader@5.0.1
#8 33.76 + express@4.22.1
#8 33.76 + express-minify@1.0.0
#8 33.76 + fast-password-entropy@1.1.1
#8 33.76 + file-loader@6.2.0
#8 33.76 + flot@0.8.3
#8 33.76 + forwarded-for@1.1.0
#8 33.76 + helmet@8.1.0
#8 33.76 + jquery@3.7.1
#8 33.76 + jquery-ui-bundle@1.12.1-migrate
#8 33.76 + jquery.tooltips@1.0.0
#8 33.76 + js-storage@1.1.0
#8 33.76 + jsdom@28.1.0
#8 33.76 + jsonwebtoken@9.0.3
#8 33.76 + lodash@4.17.23
#8 33.76 + memory-cache@0.2.0
#8 33.76 + mime@2.6.0
#8 33.76 + moment@2.30.1
#8 33.76 + moment-locales-webpack-plugin@1.2.0
#8 33.76 + moment-timezone@0.6.0
#8 33.76 + moment-timezone-data-webpack-plugin@1.5.1
#8 33.76 + mongo-url-parser@1.0.2
#8 33.76 + mongodb@4.17.2
#8 33.76 + mongomock@0.1.2
#8 33.76 + nightscout-connect@github:psonnera/nightscout-connect#60875f5
#8 33.76 + node-cache@5.1.2
#8 33.76 + parse-duration@2.1.5
#8 33.76 + process@0.11.10
#8 33.76 + pushover-notifications@1.2.3
#8 33.76 + random-token@0.0.8
#8 33.76 + semver@7.7.4
#8 33.76 + shiro-trie@0.4.10
#8 33.76 + simple-statistics@7.8.8
#8 33.76 + socket.io@4.8.3
#8 33.76 + socket.io-client@4.8.3
#8 33.76 + stream-browserify@3.0.0
#8 33.76 + style-loader@4.0.0
#8 33.76 + swagger-ui-dist@5.31.2
#8 33.76 + swagger-ui-express@5.0.1
#8 33.76 + traverse@0.6.11
#8 33.76 + uuid@13.0.0
#8 33.76 + webpack@5.105.2
#8 33.76 + webpack-cli@4.10.0
#8 33.76 
#8 33.76 1009 packages installed [33.50s]
#8 DONE 34.0s

#9 [5/6] RUN mkdir -p node_modules/.cache/_ns_cache/public/js &&     echo "Cache directory created"
#9 0.281 Cache directory created
#9 DONE 0.3s

#10 [6/6] RUN rm -rf /tmp/*
#10 DONE 0.4s

#11 exporting to image
#11 exporting layers
#11 exporting layers 6.0s done
#11 writing image sha256:1a99986fc15430f96c75326e024ec7ff4be451b2086c160a6f68720a728b149b done
#11 naming to docker.io/psonnera/cgm-remote-monitor:dev-AAPS-Bun done
#11 DONE 6.0s

View build details: docker-desktop://dashboard/build/desktop-linux/desktop-linux/zd4m47c9wth446blxwdtxzbcw
The push refers to repository [docker.io/psonnera/cgm-remote-monitor]
47af4d70f70a: Preparing
a3fc52bf7c2b: Preparing
92589535bb67: Preparing
13dc9df54d13: Preparing
aeedace008ad: Preparing
4076765f51a4: Preparing
fe419bb1c896: Preparing
5e6b8e4043ee: Preparing
56e3b5ec0551: Preparing
ecc990dbfd7e: Preparing
a541a5ccaa30: Preparing
fe419bb1c896: Waiting
5e6b8e4043ee: Waiting
ecc990dbfd7e: Waiting
56e3b5ec0551: Waiting
a541a5ccaa30: Waiting
4076765f51a4: Waiting
aeedace008ad: Layer already exists
4076765f51a4: Layer already exists
fe419bb1c896: Layer already exists
5e6b8e4043ee: Layer already exists
56e3b5ec0551: Layer already exists
ecc990dbfd7e: Layer already exists
a3fc52bf7c2b: Pushed
47af4d70f70a: Pushed
a541a5ccaa30: Layer already exists
13dc9df54d13: Pushed
92589535bb67: Pushed
dev-AAPS-Bun: digest: sha256:e388b5cbf6e0e6622bf608d6c4ac18158dfbcf1e250ad414aea2be35effca25c size: 2613
