#0 building with "desktop-linux" instance using docker driver

#1 [internal] load build definition from Dockerfile
#1 transferring dockerfile: 1.86kB done
#1 DONE 0.0s

#2 [internal] load metadata for docker.io/oven/bun:latest
#2 DONE 0.4s

#3 [internal] load .dockerignore
#3 transferring context: 307B done
#3 DONE 0.0s

#4 [1/9] FROM docker.io/oven/bun:latest@sha256:b86c67b531d87b4db11470d9b2bd0c519b1976eee6fcd71634e73abfa6230d2e
#4 DONE 0.0s

#5 [2/9] WORKDIR /opt/app
#5 CACHED

#6 [internal] load build context
#6 transferring context: 31.66kB 0.0s done
#6 DONE 0.0s

#7 [3/9] ADD . /opt/app
#7 DONE 0.2s

#8 [4/9] RUN bun install
#8 0.235 bun install v1.3.10 (30e609e0)
#8 2.628 
#8 2.628 $ webpack --mode production --config webpack/webpack.config.js && bun run post-generate-keys
#8 4.770 [BABEL] Note: The code generator has deoptimised the styling of /opt/app/node_modules/jquery-ui-bundle/jquery-ui.js as it exceeds the max of 500KB.
#8 5.052 [BABEL] Note: The code generator has deoptimised the styling of /opt/app/node_modules/lodash/lodash.js as it exceeds the max of 500KB.
#8 32.01 $ mkdir -p node_modules/.cache/_ns_cache && bun bin/generateRandomString.js >node_modules/.cache/_ns_cache/randomString && bun bin/generateGitCommit.js
#8 32.07 Git commit hash saved: b90e5c58c
#8 32.07 
#8 32.07 + @types/tough-cookie@4.0.5
#8 32.07 + babel-eslint@10.1.0
#8 32.07 + babel-loader@10.0.0
#8 32.07 + benv@3.3.0
#8 32.07 + csv-parse@6.1.0
#8 32.07 + env-cmd@10.1.0
#8 32.07 + eslint@8.57.1
#8 32.07 + eslint-plugin-security@1.7.1
#8 32.07 + eslint-webpack-plugin@5.0.2
#8 32.07 + mocha@11.7.5
#8 32.07 + nodemon@3.1.14
#8 32.07 + nyc@18.0.0
#8 32.07 + should@13.2.3
#8 32.07 + supertest@7.2.2
#8 32.07 + vm-browserify@1.1.2
#8 32.07 + webpack-bundle-analyzer@5.2.0
#8 32.07 + webpack-dev-middleware@7.4.5
#8 32.07 + webpack-hot-middleware@2.26.1
#8 32.07 + xml2js@0.6.2
#8 32.07 + @babel/core@7.29.0
#8 32.07 + @babel/preset-env@7.29.0
#8 32.07 + @parse/node-apn@7.1.0
#8 32.07 + acorn@8.16.0
#8 32.07 + acorn-jsx@5.3.2
#8 32.07 + async@0.9.2
#8 32.07 + axios@1.13.5
#8 32.07 + body-parser@1.20.4
#8 32.07 + bootevent@0.0.1
#8 32.07 + braces@3.0.3
#8 32.07 + buffer@6.0.3
#8 32.07 + compression@1.8.1
#8 32.07 + crypto-browserify@3.12.1
#8 32.07 + css-loader@7.1.4
#8 32.07 + cssmin@0.4.3
#8 32.07 + csv-stringify@6.6.0
#8 32.07 + d3@7.9.0
#8 32.07 + dompurify@3.3.1
#8 32.07 + easyxml@2.0.1
#8 32.07 + ejs@3.1.10
#8 32.07 + errorhandler@1.5.2
#8 32.07 + event-stream@3.3.4
#8 32.07 + expose-loader@5.0.1
#8 32.07 + express@4.22.1
#8 32.07 + express-minify@1.0.0
#8 32.07 + fast-password-entropy@1.1.1
#8 32.07 + file-loader@6.2.0
#8 32.07 + flot@0.8.3
#8 32.07 + forwarded-for@1.1.0
#8 32.07 + helmet@8.1.0
#8 32.07 + jquery@3.7.1
#8 32.07 + jquery-ui-bundle@1.12.1-migrate
#8 32.07 + jquery.tooltips@1.0.0
#8 32.07 + js-storage@1.1.0
#8 32.07 + jsdom@28.1.0
#8 32.07 + jsonwebtoken@9.0.3
#8 32.07 + lodash@4.17.23
#8 32.07 + memory-cache@0.2.0
#8 32.07 + mime@2.6.0
#8 32.07 + moment@2.30.1
#8 32.07 + moment-locales-webpack-plugin@1.2.0
#8 32.07 + moment-timezone@0.6.0
#8 32.07 + moment-timezone-data-webpack-plugin@1.5.1
#8 32.07 + mongo-url-parser@1.0.2
#8 32.07 + mongodb@4.17.2
#8 32.07 + mongomock@0.1.2
#8 32.07 + nightscout-connect@github:psonnera/nightscout-connect#60875f5
#8 32.07 + node-cache@5.1.2
#8 32.07 + parse-duration@2.1.5
#8 32.07 + process@0.11.10
#8 32.07 + pushover-notifications@1.2.3
#8 32.07 + random-token@0.0.8
#8 32.07 + semver@7.7.4
#8 32.07 + shiro-trie@0.4.10
#8 32.07 + simple-statistics@7.8.8
#8 32.07 + socket.io@4.8.3
#8 32.07 + socket.io-client@4.8.3
#8 32.07 + stream-browserify@3.0.0
#8 32.07 + style-loader@4.0.0
#8 32.07 + swagger-ui-dist@5.31.2
#8 32.07 + swagger-ui-express@5.0.1
#8 32.07 + traverse@0.6.11
#8 32.07 + uuid@13.0.0
#8 32.07 + webpack@5.105.2
#8 32.07 + webpack-cli@4.10.0
#8 32.07 
#8 32.07 1009 packages installed [31.84s]
#8 DONE 32.3s

#9 [5/9] RUN mkdir -p node_modules/.cache/_ns_cache/public/js
#9 DONE 0.3s

#10 [6/9] RUN echo "=== Starting Direct Webpack Build ===" &&   bun ./node_modules/.bin/webpack --mode production --config webpack/webpack.config.js --verbose 2>&1 | tee /tmp/webpack-output.log || true &&   echo "=== Webpack Complete ===" &&   echo "Output file size: $(wc -c < /tmp/webpack-output.log) bytes"
#10 0.812 === Starting Direct Webpack Build ===
#10 0.894 [webpack-cli] Error: Unknown option '--verbose'
#10 0.899 [webpack-cli] Run 'webpack --help' to see available commands and options
#10 0.907 === Webpack Complete ===
#10 0.909 Output file size: 121 bytes
#10 DONE 0.9s

#11 [7/9] RUN echo "" && echo "=== Checking output directory ===" &&   find node_modules/.cache/_ns_cache -type f -ls 2>&1 || echo "Find failed"
#11 0.303 
#11 0.303 === Checking output directory ===
#11 0.306  16264668      4 -rw-rw-rw-   1 root     root            9 Mar  1 21:32 node_modules/.cache/_ns_cache/gitCommit
#11 0.306  16264667      4 -rw-rw-rw-   1 root     root         2049 Mar  1 21:32 node_modules/.cache/_ns_cache/randomString
#11 DONE 0.3s

#12 [8/9] RUN echo "=== Verifying bundle files ===" &&   if [ -f node_modules/.cache/_ns_cache/public/js/bundle.app.js ]; then     echo " bundle.app.js exists ($(wc -c < node_modules/.cache/_ns_cache/public/js/bundle.app.js) bytes)";   else     echo " ERROR: bundle.app.js not found!";     ls -la node_modules/.cache/_ns_cache/public/ 2>/dev/null || echo "Cache directory is empty";     exit 1;   fi &&   echo "=== Bundle verification complete ==="
#12 0.349 === Verifying bundle files ===
#12 0.349  ERROR: bundle.app.js not found!
#12 0.352 total 12
#12 0.352 drwxr-xr-x 3 root root 4096 Mar  1 21:32 .
#12 0.352 drwxrwxrwx 1 root root 4096 Mar  1 21:32 ..
#12 0.352 drwxr-xr-x 2 root root 4096 Mar  1 21:32 js
#12 ERROR: process "/bin/sh -c echo \"=== Verifying bundle files ===\" &&   if [ -f node_modules/.cache/_ns_cache/public/js/bundle.app.js ]; then     echo \" bundle.app.js exists ($(wc -c < node_modules/.cache/_ns_cache/public/js/bundle.app.js) bytes)\";   else     echo \" ERROR: bundle.app.js not found!\";     ls -la node_modules/.cache/_ns_cache/public/ 2>/dev/null || echo \"Cache directory is empty\";     exit 1;   fi &&   echo \"=== Bundle verification complete ===\"" did not complete successfully: exit code: 1
------
 > [8/9] RUN echo "=== Verifying bundle files ===" &&   if [ -f node_modules/.cache/_ns_cache/public/js/bundle.app.js ]; then     echo " bundle.app.js exists ($(wc -c < node_modules/.cache/_ns_cache/public/js/bundle.app.js) bytes)";   else     echo " ERROR: bundle.app.js not found!";     ls -la node_modules/.cache/_ns_cache/public/ 2>/dev/null || echo "Cache directory is empty";     exit 1;   fi &&   echo "=== Bundle verification complete ===":
0.349 === Verifying bundle files ===
0.349  ERROR: bundle.app.js not found!
0.352 total 12
0.352 drwxr-xr-x 3 root root 4096 Mar  1 21:32 .
0.352 drwxrwxrwx 1 root root 4096 Mar  1 21:32 ..
0.352 drwxr-xr-x 2 root root 4096 Mar  1 21:32 js
------
Dockerfile:30
--------------------
  29 |     # Verify bundle files exist
  30 | >>> RUN echo "=== Verifying bundle files ===" && \
  31 | >>>   if [ -f node_modules/.cache/_ns_cache/public/js/bundle.app.js ]; then \
  32 | >>>     echo " bundle.app.js exists ($(wc -c < node_modules/.cache/_ns_cache/public/js/bundle.app.js) bytes)"; \
  33 | >>>   else \
  34 | >>>     echo " ERROR: bundle.app.js not found!"; \
  35 | >>>     ls -la node_modules/.cache/_ns_cache/public/ 2>/dev/null || echo "Cache directory is empty"; \
  36 | >>>     exit 1; \
  37 | >>>   fi && \
  38 | >>>   echo "=== Bundle verification complete ==="
  39 |     
--------------------
ERROR: failed to build: failed to solve: process "/bin/sh -c echo \"=== Verifying bundle files ===\" &&   if [ -f node_modules/.cache/_ns_cache/public/js/bundle.app.js ]; then     echo \" bundle.app.js exists ($(wc -c < node_modules/.cache/_ns_cache/public/js/bundle.app.js) bytes)\";   else     echo \" ERROR: bundle.app.js not found!\";     ls -la node_modules/.cache/_ns_cache/public/ 2>/dev/null || echo \"Cache directory is empty\";     exit 1;   fi &&   echo \"=== Bundle verification complete ===\"" did not complete successfully: exit code: 1

View build details: docker-desktop://dashboard/build/desktop-linux/desktop-linux/4bygkfv4pkil595wj0n91dpn1
The push refers to repository [docker.io/psonnera/cgm-remote-monitor]
f2410db5513e: Preparing
5188a0a3f38d: Preparing
51604050e7b7: Preparing
c970dd1a53b9: Preparing
aeedace008ad: Preparing
4076765f51a4: Preparing
fe419bb1c896: Preparing
5e6b8e4043ee: Preparing
56e3b5ec0551: Preparing
ecc990dbfd7e: Preparing
a541a5ccaa30: Preparing
fe419bb1c896: Waiting
5e6b8e4043ee: Waiting
56e3b5ec0551: Waiting
ecc990dbfd7e: Waiting
a541a5ccaa30: Waiting
4076765f51a4: Waiting
aeedace008ad: Layer already exists
c970dd1a53b9: Layer already exists
51604050e7b7: Layer already exists
f2410db5513e: Layer already exists
5188a0a3f38d: Layer already exists
fe419bb1c896: Layer already exists
56e3b5ec0551: Layer already exists
4076765f51a4: Layer already exists
5e6b8e4043ee: Layer already exists
ecc990dbfd7e: Layer already exists
a541a5ccaa30: Layer already exists
dev-AAPS-Bun: digest: sha256:d264779599edb63dc325eba30ecd07bcd8d048b6abedbc3bee081f39498fe736 size: 2614
